Change Component Designator: Old Designator=C22 New Designator=C21
Change Component Designator: Old Designator=C23 New Designator=C22
Change Component Designator: Old Designator=C? New Designator=C23
Change Component Designator: Old Designator=C? New Designator=C24
Change Component Designator: Old Designator=C? New Designator=C25
Change Component Designator: Old Designator=C? New Designator=C26
Change Component Designator: Old Designator=P3 New Designator=P4
Change Component Designator: Old Designator=P4 New Designator=P3
Change Component Designator: Old Designator=R5 New Designator=R8
Change Component Designator: Old Designator=R7 New Designator=R9
Change Component Designator: Old Designator=R8 New Designator=R4
Change Component Designator: Old Designator=R? New Designator=R5
Change Component Designator: Old Designator=R? New Designator=R6
Change Component Designator: Old Designator=R? New Designator=R7
Change Component Designator: Old Designator=R? New Designator=R10
Change Component Designator: Old Designator=R? New Designator=R11
Change Component Designator: Old Designator=R? New Designator=R12
Change Component Designator: Old Designator=R? New Designator=R13
Change Component Designator: Old Designator=R? New Designator=R14
Change Component Designator: Old Designator=U4 New Designator=U5
Change Component Designator: Old Designator=U5 New Designator=U4
Change Component Designator: Old Designator=U? New Designator=U6
Change Component Designator: Old Designator=VR? New Designator=VR1
