Added Component: Designator=*1(DIP8)
Added Component: Designator=C1(CAP-SM-0805)
Add component (AddParameter): Name = "Value"; Value = "22pF/50V/0805"; VariantName = "[No Variations]"
Added Component: Designator=C2(CAP-SM-0805)
Add component (AddParameter): Name = "Value"; Value = "22pF/50V/0805"; VariantName = "[No Variations]"
Added Component: Designator=C3(CAP-SM-0805)
Add component (AddParameter): Name = "Value"; Value = "100nF/50V/0805"; VariantName = "[No Variations]"
Added Component: Designator=C4(CAP-SM-0805)
Add component (AddParameter): Name = "Value"; Value = "100nF/50V/0805"; VariantName = "[No Variations]"
Added Component: Designator=C5(CAP-SM-0805)
Add component (AddParameter): Name = "Value"; Value = "1uF/50V/0805"; VariantName = "[No Variations]"
Added Component: Designator=C6(CAP-SM-0805)
Add component (AddParameter): Name = "Value"; Value = "10nF/50V/0805"; VariantName = "[No Variations]"
Added Component: Designator=C7(CAP-SM-0805)
Add component (AddParameter): Name = "Value"; Value = "1uF/50V/0805"; VariantName = "[No Variations]"
Added Component: Designator=C8(CAP-SM-0805)
Add component (AddParameter): Name = "Value"; Value = "10nF/50V/0805"; VariantName = "[No Variations]"
Added Component: Designator=C9(CAP-SM-0805)
Add component (AddParameter): Name = "Value"; Value = "100nF/50V/0805"; VariantName = "[No Variations]"
Added Component: Designator=C10(CAP-SM-0805)
Add component (AddParameter): Name = "Value"; Value = "100nF/50V/0805"; VariantName = "[No Variations]"
Added Component: Designator=C11(CAP-SM-0805)
Add component (AddParameter): Name = "Value"; Value = "100nF/50V/0805"; VariantName = "[No Variations]"
Added Component: Designator=C12(CAP-SM-0805)
Add component (AddParameter): Name = "Value"; Value = "100nF/50V/0805"; VariantName = "[No Variations]"
Added Component: Designator=C13(CAP-SM-0805)
Add component (AddParameter): Name = "Value"; Value = "100nF/50V/0805"; VariantName = "[No Variations]"
Added Component: Designator=C14(CAP-SM-0805)
Add component (AddParameter): Name = "Value"; Value = "4.7uF/50V/0805"; VariantName = "[No Variations]"
Added Component: Designator=C15(CAP-SM-0805)
Add component (AddParameter): Name = "Value"; Value = "4.7uF/50V/0805"; VariantName = "[No Variations]"
Added Component: Designator=C16(CAP-SM-0805)
Add component (AddParameter): Name = "Value"; Value = "100nF/50V/0805"; VariantName = "[No Variations]"
Added Component: Designator=C17(CAP-SM-0805)
Add component (AddParameter): Name = "Value"; Value = "100nF/50V/0805"; VariantName = "[No Variations]"
Added Component: Designator=C18(CAP-SM-0805)
Add component (AddParameter): Name = "Value"; Value = "4.7uF/50V/0805"; VariantName = "[No Variations]"
Added Component: Designator=C19(CAP-SM-0805)
Add component (AddParameter): Name = "Value"; Value = "100nF/50V/0805"; VariantName = "[No Variations]"
Added Component: Designator=C20(CAP-SM-0805)
Add component (AddParameter): Name = "Value"; Value = "100nF/50V/0805"; VariantName = "[No Variations]"
Added Component: Designator=C21(CAP-SM-0805)
Add component (AddParameter): Name = "Value"; Value = "1nF/50V/0805"; VariantName = "[No Variations]"
Added Component: Designator=C22(CAP-SM-0805)
Add component (AddParameter): Name = "Value"; Value = "100nF/50V/0805"; VariantName = "[No Variations]"
Added Component: Designator=C23(CAP-SM-0805)
Add component (AddParameter): Name = "Value"; Value = "4.7uF/50V/0805"; VariantName = "[No Variations]"
Added Component: Designator=C24(CAP-SM-0805)
Add component (AddParameter): Name = "Value"; Value = "4.7uF/50V/0805"; VariantName = "[No Variations]"
Added Component: Designator=C25(CAP-SM-0805)
Add component (AddParameter): Name = "Value"; Value = "100nF/50V/0805"; VariantName = "[No Variations]"
Added Component: Designator=D1(SS34)
Add component (AddParameter): Name = "Code_JEDEC"; Value = "DO-214-AA"; VariantName = "[No Variations]"
Add component (AddParameter): Name = "LatestRevisionDate"; Value = "17-Jul-2002"; VariantName = "[No Variations]"
Add component (AddParameter): Name = "LatestRevisionNote"; Value = "Re-released for DXP Platform."; VariantName = "[No Variations]"
Add component (AddParameter): Name = "PackageDescription"; Value = "DO-214-AA/SMB; 2 C-Bend Leads; Body 5.3 x 3.6 mm, inc. leads (LxW)"; VariantName = "[No Variations]"
Add component (AddParameter): Name = "PackageReference"; Value = "SMB"; VariantName = "[No Variations]"
Add component (AddParameter): Name = "Published"; Value = "8-Jun-2000"; VariantName = "[No Variations]"
Add component (AddParameter): Name = "Publisher"; Value = "Altium Limited"; VariantName = "[No Variations]"
Add component (AddParameter): Name = "Supplier 1"; Value = "Arrow Electronics"; VariantName = "[No Variations]"
Add component (AddParameter): Name = "Supplier 2"; Value = "RSComponents"; VariantName = "[No Variations]"
Add component (AddParameter): Name = "Supplier Part Number 1"; Value = "SS34"; VariantName = "[No Variations]"
Add component (AddParameter): Name = "Supplier Part Number 2"; Value = "8080433"; VariantName = "[No Variations]"
Added Component: Designator=D2(LED_0805_Blue)
Added Component: Designator=D3(LED_0805_Blue)
Added Component: Designator=F1(FUSE SMD)
Added Component: Designator=JDC1(DC-IN)
Add component (AddParameter): Name = "Value"; Value = "Jac DC"; VariantName = "[No Variations]"
Added Component: Designator=P1(JP4)
Add component (AddParameter): Name = "LatestRevisionDate"; Value = "17-Jul-2002"; VariantName = "[No Variations]"
Add component (AddParameter): Name = "LatestRevisionNote"; Value = "Re-released for DXP Platform."; VariantName = "[No Variations]"
Add component (AddParameter): Name = "Publisher"; Value = "Altium Limited"; VariantName = "[No Variations]"
Added Component: Designator=P2(DOMINO 2- 5mm)
Add component (AddParameter): Name = "LatestRevisionDate"; Value = "17-Jul-2002"; VariantName = "[No Variations]"
Add component (AddParameter): Name = "LatestRevisionNote"; Value = "Re-released for DXP Platform."; VariantName = "[No Variations]"
Add component (AddParameter): Name = "Publisher"; Value = "Altium Limited"; VariantName = "[No Variations]"
Added Component: Designator=P3(DOMINO 2- 5mm)
Add component (AddParameter): Name = "LatestRevisionDate"; Value = "17-Jul-2002"; VariantName = "[No Variations]"
Add component (AddParameter): Name = "LatestRevisionNote"; Value = "Re-released for DXP Platform."; VariantName = "[No Variations]"
Add component (AddParameter): Name = "Publisher"; Value = "Altium Limited"; VariantName = "[No Variations]"
Added Component: Designator=R1(RES-SM-0805)
Add component (AddParameter): Name = "Value"; Value = "10K/1%/0805"; VariantName = "[No Variations]"
Added Component: Designator=R2(RES-SM-0805)
Add component (AddParameter): Name = "Value"; Value = "1k/1%/0805"; VariantName = "[No Variations]"
Added Component: Designator=R3(RES-SM-0805)
Add component (AddParameter): Name = "Value"; Value = "470/1%/0805"; VariantName = "[No Variations]"
Added Component: Designator=R4(RES-SM-0805)
Add component (AddParameter): Name = "Value"; Value = "10K/1%/0805"; VariantName = "[No Variations]"
Added Component: Designator=R5(RES-SM-0805)
Add component (AddParameter): Name = "Value"; Value = "160K/5%/0805"; VariantName = "[No Variations]"
Added Component: Designator=R6(RES-SM-0805)
Add component (AddParameter): Name = "Value"; Value = "560/1%/0805"; VariantName = "[No Variations]"
Added Component: Designator=R7(RES-SM-0805)
Add component (AddParameter): Name = "Value"; Value = "10K/1%/0805"; VariantName = "[No Variations]"
Added Component: Designator=R8(RES-SM-0805)
Add component (AddParameter): Name = "Value"; Value = "10K/1%/0805"; VariantName = "[No Variations]"
Added Component: Designator=R9(RES-SM-0805)
Add component (AddParameter): Name = "Value"; Value = "10K/1%/0805"; VariantName = "[No Variations]"
Added Component: Designator=R10(RES-SM-0805)
Add component (AddParameter): Name = "Value"; Value = "18K/5%/0805"; VariantName = "[No Variations]"
Added Component: Designator=SW1(Tact SW 4 pin)
Add component (AddParameter): Name = "Value"; Value = "Button chip 4 pin"; VariantName = "[No Variations]"
Added Component: Designator=U1(TSQFP50P900X900X160-48N)
Add component (AddParameter): Name = "ComponentLink1Description"; Value = "Supplier 1 Link"; VariantName = "[No Variations]"
Add component (AddParameter): Name = "Manufacturer"; Value = "ST"; VariantName = "[No Variations]"
Added Component: Designator=U2(SOT230P700X180-4N)
Added Component: Designator=U3(ZMPT101B)
Added Component: Designator=U4(SOIC127P600X175-8N)
Add component (AddParameter): Name = "Availability"; Value = "In Stock"; VariantName = "[No Variations]"
Add component (AddParameter): Name = "Check_prices"; Value = "https://www.snapeda.com/parts/ACS712-20/Analog+Devices/view-part/?ref=eda"; VariantName = "[No Variations]"
Add component (AddParameter): Name = "MF"; Value = "Analog Devices"; VariantName = "[No Variations]"
Add component (AddParameter): Name = "MP"; Value = "ACS712-20"; VariantName = "[No Variations]"
Add component (AddParameter): Name = "Package"; Value = "None"; VariantName = "[No Variations]"
Add component (AddParameter): Name = "Price"; Value = "None"; VariantName = "[No Variations]"
Add component (AddParameter): Name = "SnapEDA_Link"; Value = "https://www.snapeda.com/parts/ACS712-20/Analog+Devices/view-part/?ref=snap"; VariantName = "[No Variations]"
Add component (AddParameter): Name = "Value"; Value = ""; VariantName = "[No Variations]"
Added Component: Designator=U5(MODULE LCD 2004)
Added Component: Designator=VR1(VARISTOR 2)
Add component (AddParameter): Name = "Value"; Value = "VR 10K"; VariantName = "[No Variations]"
Added Component: Designator=X1(XTAL 3225)
Add component (AddParameter): Name = "Value"; Value = "16MHz"; VariantName = "[No Variations]"
Added Pin To Net: NetName=+3.3 Pin=C4-1
Added Pin To Net: NetName=+3.3 Pin=C5-1
Added Pin To Net: NetName=+3.3 Pin=C6-1
Added Pin To Net: NetName=+3.3 Pin=C7-1
Added Pin To Net: NetName=+3.3 Pin=C8-1
Added Pin To Net: NetName=+3.3 Pin=C9-1
Added Pin To Net: NetName=+3.3 Pin=C10-1
Added Pin To Net: NetName=+3.3 Pin=C11-1
Added Pin To Net: NetName=+3.3 Pin=C12-1
Added Pin To Net: NetName=+3.3 Pin=C13-1
Added Pin To Net: NetName=+3.3 Pin=C14-1
Added Pin To Net: NetName=+3.3 Pin=C17-1
Added Pin To Net: NetName=+3.3 Pin=C18-1
Added Pin To Net: NetName=+3.3 Pin=D3-1
Added Pin To Net: NetName=+3.3 Pin=P1-1
Added Pin To Net: NetName=+3.3 Pin=R1-2
Added Pin To Net: NetName=+3.3 Pin=R7-2
Added Pin To Net: NetName=+3.3 Pin=U1-1
Added Pin To Net: NetName=+3.3 Pin=U1-9
Added Pin To Net: NetName=+3.3 Pin=U1-24
Added Pin To Net: NetName=+3.3 Pin=U1-36
Added Pin To Net: NetName=+3.3 Pin=U1-48
Added Pin To Net: NetName=+3.3 Pin=U2-2
Added Pin To Net: NetName=+3.3 Pin=U2-4
Added Net: Name=+3.3
Added Pin To Net: NetName=+5 Pin=*1-8
Added Pin To Net: NetName=+5 Pin=C15-1
Added Pin To Net: NetName=+5 Pin=C16-1
Added Pin To Net: NetName=+5 Pin=C19-1
Added Pin To Net: NetName=+5 Pin=C22-1
Added Pin To Net: NetName=+5 Pin=C23-1
Added Pin To Net: NetName=+5 Pin=C24-1
Added Pin To Net: NetName=+5 Pin=C25-1
Added Pin To Net: NetName=+5 Pin=D1-K
Added Pin To Net: NetName=+5 Pin=D2-1
Added Pin To Net: NetName=+5 Pin=F1-2
Added Pin To Net: NetName=+5 Pin=U2-3
Added Pin To Net: NetName=+5 Pin=U4-8
Added Pin To Net: NetName=+5 Pin=U5-2
Added Pin To Net: NetName=+5 Pin=U5-15
Added Pin To Net: NetName=+5 Pin=VR1-1
Added Net: Name=+5
Added Pin To Net: NetName=ADC_CURRENT Pin=*1-1
Added Pin To Net: NetName=ADC_CURRENT Pin=*1-2
Added Pin To Net: NetName=ADC_CURRENT Pin=U1-17
Added Net: Name=ADC_CURRENT
Added Pin To Net: NetName=ADC_VOLTAGE Pin=*1-6
Added Pin To Net: NetName=ADC_VOLTAGE Pin=*1-7
Added Pin To Net: NetName=ADC_VOLTAGE Pin=U1-16
Added Net: Name=ADC_VOLTAGE
Added Pin To Net: NetName=CONTRAST Pin=U5-3
Added Pin To Net: NetName=CONTRAST Pin=VR1-2
Added Net: Name=CONTRAST
Added Pin To Net: NetName=CURRENT_SIGNAL Pin=*1-3
Added Pin To Net: NetName=CURRENT_SIGNAL Pin=R8-1
Added Pin To Net: NetName=CURRENT_SIGNAL Pin=R10-2
Added Net: Name=CURRENT_SIGNAL
Added Pin To Net: NetName=GND Pin=*1-4
Added Pin To Net: NetName=GND Pin=C1-1
Added Pin To Net: NetName=GND Pin=C2-1
Added Pin To Net: NetName=GND Pin=C3-2
Added Pin To Net: NetName=GND Pin=C4-2
Added Pin To Net: NetName=GND Pin=C5-2
Added Pin To Net: NetName=GND Pin=C6-2
Added Pin To Net: NetName=GND Pin=C7-2
Added Pin To Net: NetName=GND Pin=C8-2
Added Pin To Net: NetName=GND Pin=C9-2
Added Pin To Net: NetName=GND Pin=C10-2
Added Pin To Net: NetName=GND Pin=C11-2
Added Pin To Net: NetName=GND Pin=C12-2
Added Pin To Net: NetName=GND Pin=C13-2
Added Pin To Net: NetName=GND Pin=C14-2
Added Pin To Net: NetName=GND Pin=C15-2
Added Pin To Net: NetName=GND Pin=C16-2
Added Pin To Net: NetName=GND Pin=C17-2
Added Pin To Net: NetName=GND Pin=C18-2
Added Pin To Net: NetName=GND Pin=C19-2
Added Pin To Net: NetName=GND Pin=C20-1
Added Pin To Net: NetName=GND Pin=C21-1
Added Pin To Net: NetName=GND Pin=C22-2
Added Pin To Net: NetName=GND Pin=C23-2
Added Pin To Net: NetName=GND Pin=C24-2
Added Pin To Net: NetName=GND Pin=C25-2
Added Pin To Net: NetName=GND Pin=D1-A
Added Pin To Net: NetName=GND Pin=JDC1-2
Added Pin To Net: NetName=GND Pin=P1-4
Added Pin To Net: NetName=GND Pin=R2-1
Added Pin To Net: NetName=GND Pin=R3-1
Added Pin To Net: NetName=GND Pin=R6-2
Added Pin To Net: NetName=GND Pin=R7-1
Added Pin To Net: NetName=GND Pin=R9-1
Added Pin To Net: NetName=GND Pin=R9-2
Added Pin To Net: NetName=GND Pin=R10-1
Added Pin To Net: NetName=GND Pin=SW1-2
Added Pin To Net: NetName=GND Pin=SW1-4
Added Pin To Net: NetName=GND Pin=U1-8
Added Pin To Net: NetName=GND Pin=U1-23
Added Pin To Net: NetName=GND Pin=U1-35
Added Pin To Net: NetName=GND Pin=U1-47
Added Pin To Net: NetName=GND Pin=U2-1
Added Pin To Net: NetName=GND Pin=U3-4
Added Pin To Net: NetName=GND Pin=U4-5
Added Pin To Net: NetName=GND Pin=U5-1
Added Pin To Net: NetName=GND Pin=U5-16
Added Pin To Net: NetName=GND Pin=VR1-3
Added Net: Name=GND
Added Pin To Net: NetName=LCD_D4 Pin=U1-42
Added Pin To Net: NetName=LCD_D4 Pin=U5-11
Added Net: Name=LCD_D4
Added Pin To Net: NetName=LCD_D5 Pin=U1-41
Added Pin To Net: NetName=LCD_D5 Pin=U5-12
Added Net: Name=LCD_D5
Added Pin To Net: NetName=LCD_D6 Pin=U1-40
Added Pin To Net: NetName=LCD_D6 Pin=U5-13
Added Net: Name=LCD_D6
Added Pin To Net: NetName=LCD_D7 Pin=U1-39
Added Pin To Net: NetName=LCD_D7 Pin=U5-14
Added Net: Name=LCD_D7
Added Pin To Net: NetName=LCD_EN Pin=U1-43
Added Pin To Net: NetName=LCD_EN Pin=U5-6
Added Net: Name=LCD_EN
Added Pin To Net: NetName=LCD_RS Pin=U1-46
Added Pin To Net: NetName=LCD_RS Pin=U5-4
Added Net: Name=LCD_RS
Added Pin To Net: NetName=LCD_RW Pin=U1-45
Added Pin To Net: NetName=LCD_RW Pin=U5-5
Added Net: Name=LCD_RW
Added Pin To Net: NetName=NetC21_2 Pin=C21-2
Added Pin To Net: NetName=NetC21_2 Pin=U4-6
Added Net: Name=NetC21_2
Added Pin To Net: NetName=NetD2_2 Pin=D2-2
Added Pin To Net: NetName=NetD2_2 Pin=R2-2
Added Net: Name=NetD2_2
Added Pin To Net: NetName=NetD3_2 Pin=D3-2
Added Pin To Net: NetName=NetD3_2 Pin=R3-2
Added Net: Name=NetD3_2
Added Pin To Net: NetName=NetF1_1 Pin=F1-1
Added Pin To Net: NetName=NetF1_1 Pin=JDC1-1
Added Net: Name=NetF1_1
Added Pin To Net: NetName=NetP2_1 Pin=P2-1
Added Pin To Net: NetName=NetP2_1 Pin=U3-2
Added Net: Name=NetP2_1
Added Pin To Net: NetName=NetP2_2 Pin=P2-2
Added Pin To Net: NetName=NetP2_2 Pin=R5-2
Added Net: Name=NetP2_2
Added Pin To Net: NetName=NetP3_1 Pin=P3-1
Added Pin To Net: NetName=NetP3_1 Pin=U4-3
Added Pin To Net: NetName=NetP3_1 Pin=U4-4
Added Net: Name=NetP3_1
Added Pin To Net: NetName=NetP3_2 Pin=P3-2
Added Pin To Net: NetName=NetP3_2 Pin=U4-1
Added Pin To Net: NetName=NetP3_2 Pin=U4-2
Added Net: Name=NetP3_2
Added Pin To Net: NetName=NetR4_2 Pin=R4-2
Added Pin To Net: NetName=NetR4_2 Pin=R6-1
Added Pin To Net: NetName=NetR4_2 Pin=U3-3
Added Net: Name=NetR4_2
Added Pin To Net: NetName=NetR5_1 Pin=R5-1
Added Pin To Net: NetName=NetR5_1 Pin=U3-1
Added Net: Name=NetR5_1
Added Pin To Net: NetName=NetR8_2 Pin=R8-2
Added Pin To Net: NetName=NetR8_2 Pin=U4-7
Added Net: Name=NetR8_2
Added Pin To Net: NetName=NRST Pin=C3-1
Added Pin To Net: NetName=NRST Pin=R1-1
Added Pin To Net: NetName=NRST Pin=SW1-1
Added Pin To Net: NetName=NRST Pin=SW1-3
Added Pin To Net: NetName=NRST Pin=U1-7
Added Net: Name=NRST
Added Pin To Net: NetName=OSC_IN Pin=C1-2
Added Pin To Net: NetName=OSC_IN Pin=U1-5
Added Pin To Net: NetName=OSC_IN Pin=X1-1
Added Net: Name=OSC_IN
Added Pin To Net: NetName=OSC_OUT Pin=C2-2
Added Pin To Net: NetName=OSC_OUT Pin=U1-6
Added Pin To Net: NetName=OSC_OUT Pin=X1-3
Added Net: Name=OSC_OUT
Added Pin To Net: NetName=SWCLK Pin=P1-3
Added Pin To Net: NetName=SWCLK Pin=U1-37
Added Net: Name=SWCLK
Added Pin To Net: NetName=SWDIO Pin=P1-2
Added Pin To Net: NetName=SWDIO Pin=U1-34
Added Net: Name=SWDIO
Added Pin To Net: NetName=VOLTAGE_SIGNAL Pin=*1-5
Added Pin To Net: NetName=VOLTAGE_SIGNAL Pin=C20-2
Added Pin To Net: NetName=VOLTAGE_SIGNAL Pin=R4-1
Added Net: Name=VOLTAGE_SIGNAL
Added Class: Name=Display
Added Class: Name=MCU
Added Class: Name=Measure
Added Class: Name=Power_Supply
Added Room: Name=Display
Added Room: Name=MCU
Added Room: Name=Measure
Added Room: Name=Power_Supply
