Added Component: Designator=C1(CAP-SM-0805)
Add component (AddParameter): Name = "Value"; Value = "22pF/50V/0805"; VariantName = "[No Variations]"
Added Component: Designator=C2(CAP-SM-0805)
Add component (AddParameter): Name = "Value"; Value = "22pF/50V/0805"; VariantName = "[No Variations]"
Added Component: Designator=C3(CAP-SM-0805)
Add component (AddParameter): Name = "Value"; Value = "100nF/50V/0805"; VariantName = "[No Variations]"
Added Component: Designator=C4(CAP-SM-0805)
Add component (AddParameter): Name = "Value"; Value = "100nF/50V/0805"; VariantName = "[No Variations]"
Added Component: Designator=C5(CAP-SM-0805)
Add component (AddParameter): Name = "Value"; Value = "1uF/50V/0805"; VariantName = "[No Variations]"
Added Component: Designator=C6(CAP-SM-0805)
Add component (AddParameter): Name = "Value"; Value = "10nF/50V/0805"; VariantName = "[No Variations]"
Added Component: Designator=C7(CAP-SM-0805)
Add component (AddParameter): Name = "Value"; Value = "1uF/50V/0805"; VariantName = "[No Variations]"
Added Component: Designator=C8(CAP-SM-0805)
Add component (AddParameter): Name = "Value"; Value = "10nF/50V/0805"; VariantName = "[No Variations]"
Added Component: Designator=C9(CAP-SM-0805)
Add component (AddParameter): Name = "Value"; Value = "100nF/50V/0805"; VariantName = "[No Variations]"
Added Component: Designator=C10(CAP-SM-0805)
Add component (AddParameter): Name = "Value"; Value = "100nF/50V/0805"; VariantName = "[No Variations]"
Added Component: Designator=C11(CAP-SM-0805)
Add component (AddParameter): Name = "Value"; Value = "100nF/50V/0805"; VariantName = "[No Variations]"
Added Component: Designator=C12(CAP-SM-0805)
Add component (AddParameter): Name = "Value"; Value = "100nF/50V/0805"; VariantName = "[No Variations]"
Added Component: Designator=C13(CAP-SM-0805)
Add component (AddParameter): Name = "Value"; Value = "100nF/50V/0805"; VariantName = "[No Variations]"
Added Component: Designator=C14(CAP-SM-0805)
Add component (AddParameter): Name = "Value"; Value = "4.7uF/50V/0805"; VariantName = "[No Variations]"
Added Component: Designator=P1(JP4)
Add component (AddParameter): Name = "LatestRevisionDate"; Value = "17-Jul-2002"; VariantName = "[No Variations]"
Add component (AddParameter): Name = "LatestRevisionNote"; Value = "Re-released for DXP Platform."; VariantName = "[No Variations]"
Add component (AddParameter): Name = "Publisher"; Value = "Altium Limited"; VariantName = "[No Variations]"
Added Component: Designator=R1(RES-SM-0805)
Add component (AddParameter): Name = "Value"; Value = "10K/1%/0805"; VariantName = "[No Variations]"
Added Component: Designator=SW1(Tact SW 4 pin)
Add component (AddParameter): Name = "Value"; Value = "Button chip 4 pin"; VariantName = "[No Variations]"
Added Component: Designator=U1(TSQFP50P900X900X160-48N)
Add component (AddParameter): Name = "ComponentLink1Description"; Value = "Supplier 1 Link"; VariantName = "[No Variations]"
Add component (AddParameter): Name = "Manufacturer"; Value = "ST"; VariantName = "[No Variations]"
Added Component: Designator=U5(MODULE LCD 1602)
Added Component: Designator=X1(XTAL 3225)
Add component (AddParameter): Name = "Value"; Value = "16MHz"; VariantName = "[No Variations]"
Added Pin To Net: NetName=GND Pin=C1-1
Added Pin To Net: NetName=OSC_IN Pin=C1-2
Added Pin To Net: NetName=GND Pin=C2-1
Added Pin To Net: NetName=OSC_OUT Pin=C2-2
Added Pin To Net: NetName=NRST Pin=C3-1
Added Pin To Net: NetName=GND Pin=C3-2
Added Pin To Net: NetName=+3.3 Pin=C4-1
Added Pin To Net: NetName=GND Pin=C4-2
Added Pin To Net: NetName=+3.3 Pin=C5-1
Added Pin To Net: NetName=GND Pin=C5-2
Added Pin To Net: NetName=+3.3 Pin=C6-1
Added Pin To Net: NetName=GND Pin=C6-2
Added Pin To Net: NetName=+3.3 Pin=C7-1
Added Pin To Net: NetName=GND Pin=C7-2
Added Pin To Net: NetName=+3.3 Pin=C8-1
Added Pin To Net: NetName=GND Pin=C8-2
Added Pin To Net: NetName=+3.3 Pin=C9-1
Added Pin To Net: NetName=GND Pin=C9-2
Added Pin To Net: NetName=+3.3 Pin=C10-1
Added Pin To Net: NetName=GND Pin=C10-2
Added Pin To Net: NetName=+3.3 Pin=C11-1
Added Pin To Net: NetName=GND Pin=C11-2
Added Pin To Net: NetName=+3.3 Pin=C12-1
Added Pin To Net: NetName=GND Pin=C12-2
Added Pin To Net: NetName=+3.3 Pin=C13-1
Added Pin To Net: NetName=GND Pin=C13-2
Added Pin To Net: NetName=+3.3 Pin=C14-1
Added Pin To Net: NetName=GND Pin=C14-2
Added Pin To Net: NetName=+3.3 Pin=P1-1
Added Pin To Net: NetName=SWDIO Pin=P1-2
Added Pin To Net: NetName=SWCLK Pin=P1-3
Added Pin To Net: NetName=GND Pin=P1-4
Added Pin To Net: NetName=NRST Pin=R1-1
Added Pin To Net: NetName=+3.3 Pin=R1-2
Added Pin To Net: NetName=NRST Pin=SW1-1
Added Pin To Net: NetName=GND Pin=SW1-2
Added Pin To Net: NetName=NRST Pin=SW1-3
Added Pin To Net: NetName=GND Pin=SW1-4
Added Pin To Net: NetName=+3.3 Pin=U1-1
Added Pin To Net: NetName=OSC_IN Pin=U1-5
Added Pin To Net: NetName=OSC_OUT Pin=U1-6
Added Pin To Net: NetName=NRST Pin=U1-7
Added Pin To Net: NetName=GND Pin=U1-8
Added Pin To Net: NetName=+3.3 Pin=U1-9
Added Pin To Net: NetName=ADC_VOLTAGE Pin=U1-16
Added Pin To Net: NetName=ADC_CURRENT Pin=U1-17
Added Pin To Net: NetName=GND Pin=U1-23
Added Pin To Net: NetName=+3.3 Pin=U1-24
Added Pin To Net: NetName=SWDIO Pin=U1-34
Added Pin To Net: NetName=GND Pin=U1-35
Added Pin To Net: NetName=+3.3 Pin=U1-36
Added Pin To Net: NetName=SWCLK Pin=U1-37
Added Pin To Net: NetName=LCD_D7 Pin=U1-39
Added Pin To Net: NetName=LCD_D6 Pin=U1-40
Added Pin To Net: NetName=LCD_D5 Pin=U1-41
Added Pin To Net: NetName=LCD_D4 Pin=U1-42
Added Pin To Net: NetName=LCD_EN Pin=U1-43
Added Pin To Net: NetName=LCD_RW Pin=U1-45
Added Pin To Net: NetName=LCD_RS Pin=U1-46
Added Pin To Net: NetName=GND Pin=U1-47
Added Pin To Net: NetName=+3.3 Pin=U1-48
Added Pin To Net: NetName=GND Pin=U5-1
Added Pin To Net: NetName=+5 Pin=U5-2
Added Pin To Net: NetName=CONTRAST Pin=U5-3
Added Pin To Net: NetName=LCD_RS Pin=U5-4
Added Pin To Net: NetName=LCD_RW Pin=U5-5
Added Pin To Net: NetName=LCD_EN Pin=U5-6
Added Pin To Net: NetName=LCD_D4 Pin=U5-11
Added Pin To Net: NetName=LCD_D5 Pin=U5-12
Added Pin To Net: NetName=LCD_D6 Pin=U5-13
Added Pin To Net: NetName=LCD_D7 Pin=U5-14
Added Pin To Net: NetName=+5 Pin=U5-15
Added Pin To Net: NetName=GND Pin=U5-16
Added Pin To Net: NetName=OSC_IN Pin=X1-1
Added Pin To Net: NetName=OSC_OUT Pin=X1-3
Added Member To Class: ClassName=MCU Member=Component C1 Cap Non-Pol SMD
Added Member To Class: ClassName=MCU Member=Component C2 Cap Non-Pol SMD
Added Member To Class: ClassName=MCU Member=Component C3 Cap Non-Pol SMD
Added Member To Class: ClassName=MCU Member=Component C4 Cap Non-Pol SMD
Added Member To Class: ClassName=MCU Member=Component C5 Cap Non-Pol SMD
Added Member To Class: ClassName=MCU Member=Component C6 Cap Non-Pol SMD
Added Member To Class: ClassName=MCU Member=Component C7 Cap Non-Pol SMD
Added Member To Class: ClassName=MCU Member=Component C8 Cap Non-Pol SMD
Added Member To Class: ClassName=MCU Member=Component C9 Cap Non-Pol SMD
Added Member To Class: ClassName=MCU Member=Component C10 Cap Non-Pol SMD
Added Member To Class: ClassName=MCU Member=Component C11 Cap Non-Pol SMD
Added Member To Class: ClassName=MCU Member=Component C12 Cap Non-Pol SMD
Added Member To Class: ClassName=MCU Member=Component C13 Cap Non-Pol SMD
Added Member To Class: ClassName=MCU Member=Component C14 Cap Non-Pol SMD
Added Member To Class: ClassName=MCU Member=Component P1 Header 4
Added Member To Class: ClassName=MCU Member=Component R1 RESISTOR SMD
Added Member To Class: ClassName=MCU Member=Component SW1 SW
Added Member To Class: ClassName=MCU Member=Component U1 STM32F103C8T6
Added Member To Class: ClassName=Display Member=Component U5 MODULE LCD
Added Member To Class: ClassName=MCU Member=Component X1 XTAL/8MHz/3225
Added Room: Name=MCU
