Removed Pin From Net: NetName=GND Pin=U7-1
Removed Pin From Net: NetName=+5 Pin=U7-2
Removed Pin From Net: NetName=CONTRAST Pin=U7-3
Removed Pin From Net: NetName=LCD_RS Pin=U7-4
Removed Pin From Net: NetName=LCD_RW Pin=U7-5
Removed Pin From Net: NetName=LCD_EN Pin=U7-6
Removed Pin From Net: NetName=LCD_D4 Pin=U7-11
Removed Pin From Net: NetName=LCD_D5 Pin=U7-12
Removed Pin From Net: NetName=LCD_D6 Pin=U7-13
Removed Pin From Net: NetName=LCD_D7 Pin=U7-14
Removed Pin From Net: NetName=+5 Pin=U7-15
Removed Pin From Net: NetName=GND Pin=U7-16
Removed Member From Class: ClassName=Display Member=U7
Added Component: Designator=J1(61301611821)
Add component (AddParameter): Name = "ComponentLink1Description"; Value = "Manufacturer"; VariantName = "[No Variations]"
Add component (AddParameter): Name = "ComponentLink1URL"; Value = "http://www.we-online.de"; VariantName = "[No Variations]"
Add component (AddParameter): Name = "ComponentLink2Description"; Value = "Datasheet"; VariantName = "[No Variations]"
Add component (AddParameter): Name = "ComponentLink2URL"; Value = "https://www.we-online.com/catalog/datasheet/61301611821.pdf"; VariantName = "[No Variations]"
Add component (AddParameter): Name = "Contact Resistance"; Value = "20mOhm"; VariantName = "[No Variations]"
Add component (AddParameter): Name = "Gender"; Value = "Socket Header"; VariantName = "[No Variations]"
Add component (AddParameter): Name = "Manufacturer"; Value = "Wurth Elektronik"; VariantName = "[No Variations]"
Add component (AddParameter): Name = "Manufacturer Part Number"; Value = "61301611821"; VariantName = "[No Variations]"
Add component (AddParameter): Name = "Mounting Technology"; Value = "THT"; VariantName = "[No Variations]"
Add component (AddParameter): Name = "Operating Temperature"; Value = "-40 to +125degC"; VariantName = "[No Variations]"
Add component (AddParameter): Name = "Orientation"; Value = "Vertical"; VariantName = "[No Variations]"
Add component (AddParameter): Name = "Packaging"; Value = "Tray"; VariantName = "[No Variations]"
Add component (AddParameter): Name = "Pin Number"; Value = "16"; VariantName = "[No Variations]"
Add component (AddParameter): Name = "Pitch"; Value = "2.54mm"; VariantName = "[No Variations]"
Add component (AddParameter): Name = "Published Date"; Value = "May 2020"; VariantName = "[No Variations]"
Add component (AddParameter): Name = "Rated Current"; Value = "3A"; VariantName = "[No Variations]"
Add component (AddParameter): Name = "Row Number"; Value = "Single"; VariantName = "[No Variations]"
Add component (AddParameter): Name = "Withstanding Voltage"; Value = "500VAC"; VariantName = "[No Variations]"
Add component (AddParameter): Name = "Working Voltage"; Value = "250VAC"; VariantName = "[No Variations]"
Added Pin To Net: NetName=GND Pin=J1-1
Added Pin To Net: NetName=+5 Pin=J1-2
Added Pin To Net: NetName=CONTRAST Pin=J1-3
Added Pin To Net: NetName=LCD_RS Pin=J1-4
Added Pin To Net: NetName=LCD_RW Pin=J1-5
Added Pin To Net: NetName=LCD_EN Pin=J1-6
Added Pin To Net: NetName=LCD_D4 Pin=J1-11
Added Pin To Net: NetName=LCD_D5 Pin=J1-12
Added Pin To Net: NetName=LCD_D6 Pin=J1-13
Added Pin To Net: NetName=LCD_D7 Pin=J1-14
Added Pin To Net: NetName=+5 Pin=J1-15
Added Pin To Net: NetName=GND Pin=J1-16
Added Member To Class: ClassName=Display Member=Component J1 61301611821
