Removed Pin From Net: NetName=+5 Pin=C25-2
Removed Pin From Net: NetName=+5 Pin=C26-2
Removed Pin From Net: NetName=ADC_VOLTAGE Pin=C27-2
Removed Pin From Net: NetName=NetC22_1 Pin=R5-1
Removed Pin From Net: NetName=NetC24_1 Pin=R6-1
Removed Pin From Net: NetName=NetC24_2 Pin=R6-2
Removed Pin From Net: NetName=NetC23_2 Pin=R7-1
Removed Pin From Net: NetName=NetC24_1 Pin=R7-2
Removed Pin From Net: NetName=NetC23_1 Pin=R8-1
Removed Pin From Net: NetName=+3.3 Pin=R10-1
Removed Pin From Net: NetName=GND Pin=R11-1
Removed Pin From Net: NetName=+3.3 Pin=R12-1
Removed Pin From Net: NetName=GND Pin=R13-1
Removed Pin From Net: NetName=ADC_VOLTAGE Pin=R14-1
Removed Pin From Net: NetName=NetC23_1 Pin=U5-3
Removed Pin From Net: NetName=NetC24_2 Pin=U6-1
Removed Pin From Net: NetName=NetC24_1 Pin=U6-2
Removed Pin From Net: NetName=+5 Pin=U6-8
Removed Pin From Net: NetName=NetC22_2 Pin=VR1-1
Removed Pin From Net: NetName=NetC24_2 Pin=VR1-2
Removed Member From Class: ClassName=MCU Member=R3
Removed Member From Class: ClassName=Power_Supply Member=R5
Change Component Footprint: Designator=U6 Old Footprint=SOIC-8 New Footprint=DIP794W45P254L1060H508Q8
Change Component Footprint: Designator=C24 Old Footprint=WCAP-CSGP_0805_H=0.8mm_Wave New Footprint=WCAP-CSGP_0805_H=1.25mm
Change Component Footprint: Designator=C23 Old Footprint=WCAP-CSGP_0805_H=1.25mm New Footprint=WCAP-CSGP_0805_H=0.8mm_Wave
Change Component Comment : Designator=C24 Old Comment=1nF, 50V New Comment=1uF, 50V
Change Component Comment : Designator=C23 Old Comment=1uF, 50V New Comment=1nF, 50V
Change Component Comment : Designator=U6 Old Comment=LM358 New Comment=TL072
Change Component Designator: OldDesignator=C25 NewDesignator=C26
Change Component Designator: OldDesignator=C26 NewDesignator=C27
Change Component Designator: OldDesignator=R9 NewDesignator=R10
Change component parameters: Designator = "R5" ("R5"); Footprint = "RES-SM-0805"; UniqueID = "\KJVRJQHN" ("\KJVRJQHN")
Change component parameters (AddParameter): Name = "Value"; Value = "100k/1%/0805"; VariantName = "[No Variations]"
Change component parameters: Designator = "R6" ("R6"); Footprint = "RES-SM-0805"; UniqueID = "\VGEZFJNI" ("\VGEZFJNI")
Change component parameters (AddParameter): Name = "Value"; Value = "10k/1%/0805"; VariantName = "[No Variations]"
Change component parameters: Designator = "R8" ("R8"); Footprint = "RES-SM-0805"; UniqueID = "\QHFZEXXM" ("\QHFZEXXM")
Change component parameters (AddParameter): Name = "Value"; Value = "10k/1%/0805"; VariantName = "[No Variations]"
Change component parameters: Designator = "U6" ("U6"); Footprint = "SOIC-8"; UniqueID = "\TZSZZLHL" ("\TZSZZLHL")
Change component parameters (AddParameter): Name = "Availability"; Value = "Unavailable"; VariantName = "[No Variations]"
Change component parameters (AddParameter): Name = "MF"; Value = "STMicroelectronics"; VariantName = "[No Variations]"
Change component parameters (AddParameter): Name = "MP"; Value = "TL072"; VariantName = "[No Variations]"
Change component parameters (AddParameter): Name = "Package"; Value = "SOIC-8 STMicroelectronics"; VariantName = "[No Variations]"
Change component parameters (AddParameter): Name = "Price"; Value = "None"; VariantName = "[No Variations]"
Change component parameters (AddParameter): Name = "SnapEDA_Link"; Value = "https://www.snapeda.com/parts/TL072/STMicroelectronics/view-part/1499677/?ref=snap"; VariantName = "[No Variations]"
Change component parameters (AddParameter): Name = "Value"; Value = ""; VariantName = "[No Variations]"
Change component parameters: Designator = "C23" ("C23"); Footprint = "WCAP-CSGP_0805_H=1.25mm"; UniqueID = "\HXMYFDLO" ("\HXMYFDLO")
Change component parameters (AddParameter): Name = "Capacitance"; Value = "1nF"; VariantName = "[No Variations]"
Change component parameters (AddParameter): Name = "Capacitance Tolerance"; Value = "+/-5%"; VariantName = "[No Variations]"
Change component parameters (AddParameter): Name = "Ceramic Type"; Value = "NP0"; VariantName = "[No Variations]"
Change component parameters (AddParameter): Name = "ComponentLink1Description"; Value = "Manufacturer"; VariantName = "[No Variations]"
Change component parameters (AddParameter): Name = "ComponentLink1URL"; Value = "http://www.we-online.de"; VariantName = "[No Variations]"
Change component parameters (AddParameter): Name = "ComponentLink2Description"; Value = "Datasheet"; VariantName = "[No Variations]"
Change component parameters (AddParameter): Name = "ComponentLink2URL"; Value = "https://www.we-online.com/catalog/datasheet/885012007063.pdf"; VariantName = "[No Variations]"
Change component parameters (AddParameter): Name = "Dissipation Factor"; Value = "Q>=1000"; VariantName = "[No Variations]"
Change component parameters (AddParameter): Name = "Height"; Value = "0.8mm"; VariantName = "[No Variations]"
Change component parameters (AddParameter): Name = "Isolation Resistance"; Value = ">=10GOhm"; VariantName = "[No Variations]"
Change component parameters (AddParameter): Name = "Manufacturer"; Value = "Wurth Elektronik"; VariantName = "[No Variations]"
Change component parameters (AddParameter): Name = "Manufacturer Part Number"; Value = "885012007063"; VariantName = "[No Variations]"
Change component parameters (AddParameter): Name = "Mounting Technology"; Value = "SMT"; VariantName = "[No Variations]"
Change component parameters (AddParameter): Name = "Operating Temperature"; Value = "-55 to +125degC"; VariantName = "[No Variations]"
Change component parameters (AddParameter): Name = "Packaging"; Value = "Tape and Reel"; VariantName = "[No Variations]"
Change component parameters (AddParameter): Name = "Published Date"; Value = "May 2020"; VariantName = "[No Variations]"
Change component parameters (AddParameter): Name = "Rated Voltage"; Value = "50VDC"; VariantName = "[No Variations]"
Change component parameters (AddParameter): Name = "Size"; Value = "0805"; VariantName = "[No Variations]"
Change component parameters (AddParameter): Name = "Technical Reference"; Value = "NP00805102J050DFCT10000"; VariantName = "[No Variations]"
Change component parameters: Designator = "C24" ("C24"); Footprint = "WCAP-CSGP_0805_H=0.8mm_Wave"; UniqueID = "\SOLWIBOP" ("\SOLWIBOP")
Change component parameters (AddParameter): Name = "Capacitance"; Value = "1uF"; VariantName = "[No Variations]"
Change component parameters (AddParameter): Name = "Capacitance Tolerance"; Value = "+/-10%"; VariantName = "[No Variations]"
Change component parameters (AddParameter): Name = "Ceramic Type"; Value = "X7R"; VariantName = "[No Variations]"
Change component parameters (AddParameter): Name = "ComponentLink1Description"; Value = "Manufacturer"; VariantName = "[No Variations]"
Change component parameters (AddParameter): Name = "ComponentLink1URL"; Value = "http://www.we-online.de"; VariantName = "[No Variations]"
Change component parameters (AddParameter): Name = "ComponentLink2Description"; Value = "Datasheet"; VariantName = "[No Variations]"
Change component parameters (AddParameter): Name = "ComponentLink2URL"; Value = "https://www.we-online.com/catalog/datasheet/885012207103.pdf"; VariantName = "[No Variations]"
Change component parameters (AddParameter): Name = "Dissipation Factor"; Value = "#NAME?"; VariantName = "[No Variations]"
Change component parameters (AddParameter): Name = "Height"; Value = "1.25mm"; VariantName = "[No Variations]"
Change component parameters (AddParameter): Name = "Isolation Resistance"; Value = ">=0.1GOhm"; VariantName = "[No Variations]"
Change component parameters (AddParameter): Name = "Manufacturer"; Value = "Wurth Elektronik"; VariantName = "[No Variations]"
Change component parameters (AddParameter): Name = "Manufacturer Part Number"; Value = "885012207103"; VariantName = "[No Variations]"
Change component parameters (AddParameter): Name = "Mounting Technology"; Value = "SMT"; VariantName = "[No Variations]"
Change component parameters (AddParameter): Name = "Operating Temperature"; Value = "-55 to +125degC"; VariantName = "[No Variations]"
Change component parameters (AddParameter): Name = "Packaging"; Value = "Tape and Reel"; VariantName = "[No Variations]"
Change component parameters (AddParameter): Name = "Published Date"; Value = "May 2020"; VariantName = "[No Variations]"
Change component parameters (AddParameter): Name = "Rated Voltage"; Value = "50VDC"; VariantName = "[No Variations]"
Change component parameters (AddParameter): Name = "Size"; Value = "0805"; VariantName = "[No Variations]"
Change component parameters (AddParameter): Name = "Technical Reference"; Value = "X7R0805105K050DFCT10000"; VariantName = "[No Variations]"
Added Component: Designator=C25(WCAP-CSGP_0805_H=0.8mm_Wave)
Add component (AddParameter): Name = "Capacitance"; Value = "1nF"; VariantName = "[No Variations]"
Add component (AddParameter): Name = "Capacitance Tolerance"; Value = "+/-5%"; VariantName = "[No Variations]"
Add component (AddParameter): Name = "Ceramic Type"; Value = "NP0"; VariantName = "[No Variations]"
Add component (AddParameter): Name = "ComponentLink1Description"; Value = "Manufacturer"; VariantName = "[No Variations]"
Add component (AddParameter): Name = "ComponentLink1URL"; Value = "http://www.we-online.de"; VariantName = "[No Variations]"
Add component (AddParameter): Name = "ComponentLink2Description"; Value = "Datasheet"; VariantName = "[No Variations]"
Add component (AddParameter): Name = "ComponentLink2URL"; Value = "https://www.we-online.com/catalog/datasheet/885012007063.pdf"; VariantName = "[No Variations]"
Add component (AddParameter): Name = "Dissipation Factor"; Value = "Q>=1000"; VariantName = "[No Variations]"
Add component (AddParameter): Name = "Height"; Value = "0.8mm"; VariantName = "[No Variations]"
Add component (AddParameter): Name = "Isolation Resistance"; Value = ">=10GOhm"; VariantName = "[No Variations]"
Add component (AddParameter): Name = "Manufacturer"; Value = "Wurth Elektronik"; VariantName = "[No Variations]"
Add component (AddParameter): Name = "Manufacturer Part Number"; Value = "885012007063"; VariantName = "[No Variations]"
Add component (AddParameter): Name = "Mounting Technology"; Value = "SMT"; VariantName = "[No Variations]"
Add component (AddParameter): Name = "Operating Temperature"; Value = "-55 to +125degC"; VariantName = "[No Variations]"
Add component (AddParameter): Name = "Packaging"; Value = "Tape and Reel"; VariantName = "[No Variations]"
Add component (AddParameter): Name = "Published Date"; Value = "May 2020"; VariantName = "[No Variations]"
Add component (AddParameter): Name = "Rated Voltage"; Value = "50VDC"; VariantName = "[No Variations]"
Add component (AddParameter): Name = "Size"; Value = "0805"; VariantName = "[No Variations]"
Add component (AddParameter): Name = "Technical Reference"; Value = "NP00805102J050DFCT10000"; VariantName = "[No Variations]"
Added Component: Designator=R9(RES-SM-0805)
Add component (AddParameter): Name = "Value"; Value = "100/1%/0805"; VariantName = "[No Variations]"
Added Pin To Net: NetName=ADC_VOLTAGE Pin=C25-1
Added Pin To Net: NetName=+3.3 Pin=C26-2
Added Pin To Net: NetName=+3.3 Pin=C27-2
Added Pin To Net: NetName=NetC23_1 Pin=R5-1
Added Pin To Net: NetName=NetC23_2 Pin=R5-2
Added Pin To Net: NetName=ADC_VOLTAGE Pin=R6-2
Added Pin To Net: NetName=NetC22_2 Pin=R7-1
Added Pin To Net: NetName=NetC23_1 Pin=R7-2
Added Pin To Net: NetName=NetC24_1 Pin=R8-1
Added Pin To Net: NetName=NetC22_1 Pin=R9-1
Added Pin To Net: NetName=+3.3 Pin=R11-1
Added Pin To Net: NetName=GND Pin=R12-1
Added Pin To Net: NetName=+3.3 Pin=R13-1
Added Pin To Net: NetName=GND Pin=R14-1
Added Pin To Net: NetName=NetC22_1 Pin=U5-3
Added Pin To Net: NetName=NetC23_2 Pin=U6-1
Added Pin To Net: NetName=NetC23_1 Pin=U6-3
Added Pin To Net: NetName=+3.3 Pin=U6-8
Added Pin To Net: NetName=NetC24_2 Pin=VR1-1
Added Pin To Net: NetName=NetC23_2 Pin=VR1-2
Change Net Name : Old Net Name=NetR9_1 New Net Name=NetR10_1
Added Pin To Net: NetName=NetC25_2 Pin=C25-2
Added Pin To Net: NetName=NetC25_2 Pin=R6-1
Added Pin To Net: NetName=NetC25_2 Pin=R8-2
Added Pin To Net: NetName=NetC25_2 Pin=U6-5
Added Net: Name=NetC25_2
Added Pin To Net: NetName=NetR9_2 Pin=R9-2
Added Pin To Net: NetName=NetR9_2 Pin=R11-2
Added Pin To Net: NetName=NetR9_2 Pin=R12-2
Added Pin To Net: NetName=NetR9_2 Pin=U5-4
Added Pin To Net: NetName=NetR9_2 Pin=U6-2
Added Net: Name=NetR9_2
Added Pin To Net: NetName=NetR13_2 Pin=R13-2
Added Pin To Net: NetName=NetR13_2 Pin=R14-2
Added Pin To Net: NetName=NetR13_2 Pin=U6-6
Added Net: Name=NetR13_2
Added Member To Class: ClassName=MCU Member=Component R2 RESISTOR SMD
Added Member To Class: ClassName=Power_Supply Member=Component R4 RESISTOR SMD
Added Member To Class: ClassName=Measure Member=Component R6 RESISTOR SMD
Added Member To Class: ClassName=Measure Member=Component R8 RESISTOR SMD
Added Member To Class: ClassName=Measure Member=Component R10 RESISTOR SMD
Added Member To Class: ClassName=Measure Member=Component R12 RESISTOR SMD
Added Member To Class: ClassName=Measure Member=Component R13 RESISTOR SMD
