Change Physical Footprint: Designator=C1 Old Footprint=WCAP-CSGP_0805_H=0.6mm_Reflow New Footprint=WCAP-CSGP_0805_H=0.6mm_Reflow
Change Physical Footprint: Designator=C2 Old Footprint=WCAP-CSGP_0805_H=0.6mm_Reflow New Footprint=WCAP-CSGP_0805_H=0.6mm_Reflow
Change Physical Footprint: Designator=C3 Old Footprint=WCAP-CSGP_0805_H=0.8mm_Wave New Footprint=WCAP-CSGP_0805_H=0.8mm_Wave
Change Physical Footprint: Designator=C4 Old Footprint=WCAP-CSGP_0805_H=1.25mm New Footprint=WCAP-CSGP_0805_H=1.25mm
Change Physical Footprint: Designator=C5 Old Footprint=WCAP-CSGP_0805_H=0.8mm_Reflow New Footprint=WCAP-CSGP_0805_H=0.8mm_Reflow
Change Physical Footprint: Designator=C6 Old Footprint=WCAP-CSGP_0805_H=0.8mm_Wave New Footprint=WCAP-CSGP_0805_H=0.8mm_Wave
Change Physical Footprint: Designator=C7 Old Footprint=WCAP-CSGP_0805_H=0.8mm_Wave New Footprint=WCAP-CSGP_0805_H=0.8mm_Wave
Change Physical Footprint: Designator=C8 Old Footprint=WCAP-CSGP_0805_H=0.8mm_Wave New Footprint=WCAP-CSGP_0805_H=0.8mm_Wave
Change Physical Footprint: Designator=C9 Old Footprint=WCAP-CSGP_0805_H=0.8mm_Wave New Footprint=WCAP-CSGP_0805_H=0.8mm_Wave
Change Physical Footprint: Designator=C10 Old Footprint=WCAP-CSGP_0805_H=0.8mm_Wave New Footprint=WCAP-CSGP_0805_H=0.8mm_Wave
Change Physical Footprint: Designator=C11 Old Footprint=WCAP-CSGP_0805_H=1.25mm New Footprint=WCAP-CSGP_0805_H=1.25mm
Change Physical Footprint: Designator=C12 Old Footprint=WCAP-CSGP_0805_H=1.25mm New Footprint=WCAP-CSGP_0805_H=1.25mm
Change Physical Footprint: Designator=C13 Old Footprint=WCAP-CSGP_0805_H=0.8mm_Wave New Footprint=WCAP-CSGP_0805_H=0.8mm_Wave
Change Physical Footprint: Designator=C14 Old Footprint=WCAP-CSGP_0805_H=1.25mm New Footprint=WCAP-CSGP_0805_H=1.25mm
Change Physical Footprint: Designator=C15 Old Footprint=WCAP-CSGP_0805_H=0.8mm_Wave New Footprint=WCAP-CSGP_0805_H=0.8mm_Wave
Change Physical Footprint: Designator=C16 Old Footprint=WCAP-CSGP_0805_H=1.25mm New Footprint=WCAP-CSGP_0805_H=1.25mm
Change Physical Footprint: Designator=C17 Old Footprint=WCAP-CSGP_0805_H=0.8mm_Wave New Footprint=WCAP-CSGP_0805_H=0.8mm_Wave
Change Physical Footprint: Designator=C18 Old Footprint=WCAP-CSGP_0805_H=1.25mm New Footprint=WCAP-CSGP_0805_H=1.25mm
Change Physical Footprint: Designator=C19 Old Footprint=WCAP-CSGP_0805_H=0.8mm_Wave New Footprint=WCAP-CSGP_0805_H=0.8mm_Wave
Change Physical Footprint: Designator=C20 Old Footprint=WCAP-CSGP_0805_H=0.8mm_Wave New Footprint=WCAP-CSGP_0805_H=0.8mm_Wave
Change Physical Footprint: Designator=C21 Old Footprint=WCAP-CSGP_0805_H=0.8mm_Wave New Footprint=WCAP-CSGP_0805_H=0.8mm_Wave
Change Physical Footprint: Designator=C22 Old Footprint=WCAP-CSGP_0805_H=1.25mm New Footprint=WCAP-CSGP_0805_H=1.25mm
Change Physical Footprint: Designator=C23 Old Footprint=WCAP-CSGP_0805_H=0.8mm_Wave New Footprint=WCAP-CSGP_0805_H=0.8mm_Wave
Change Physical Footprint: Designator=C24 Old Footprint=WCAP-CSGP_0805_H=1.25mm New Footprint=WCAP-CSGP_0805_H=1.25mm
Change Physical Footprint: Designator=C25 Old Footprint=WCAP-CSGP_0805_H=0.8mm_Wave New Footprint=WCAP-CSGP_0805_H=0.8mm_Wave
Change Physical Footprint: Designator=C26 Old Footprint=WCAP-CSGP_0805_H=0.8mm_Wave New Footprint=WCAP-CSGP_0805_H=0.8mm_Wave
Change Physical Footprint: Designator=C27 Old Footprint=WCAP-CSGP_0805_H=1.25mm New Footprint=WCAP-CSGP_0805_H=1.25mm
Change Physical Footprint: Designator=C28 Old Footprint=WCAP-CSGP_0805_H=1.25mm New Footprint=WCAP-CSGP_0805_H=1.25mm
Change Physical Footprint: Designator=C29 Old Footprint=WCAP-CSGP_0805_H=0.8mm_Wave New Footprint=WCAP-CSGP_0805_H=0.8mm_Wave
Change Physical Footprint: Designator=D1 Old Footprint=SS34 New Footprint=SS34
Change Physical Footprint: Designator=D2 Old Footprint=WL-SMCW_0805 New Footprint=WL-SMCW_0805
Change Physical Footprint: Designator=D3 Old Footprint=WL-SMCW_0805 New Footprint=WL-SMCW_0805
Change Physical Footprint: Designator=F1 Old Footprint=FUSE SMD New Footprint=FUSE SMD
Change Physical Footprint: Designator=H1 Old Footprint=LO KHOAN 3MM New Footprint=LO KHOAN 3MM
Change Physical Footprint: Designator=H2 Old Footprint=LO KHOAN 3MM New Footprint=LO KHOAN 3MM
Change Physical Footprint: Designator=H3 Old Footprint=LO KHOAN 3MM New Footprint=LO KHOAN 3MM
Change Physical Footprint: Designator=H4 Old Footprint=LO KHOAN 3MM New Footprint=LO KHOAN 3MM
Change Physical Footprint: Designator=J1 Old Footprint=61301611821 New Footprint=61301611821
Change Physical Footprint: Designator=P1 Old Footprint=JP4 New Footprint=JP4
Change Physical Footprint: Designator=P2 Old Footprint=DOMINO 2- 5mm New Footprint=DOMINO 2- 5mm
Change Physical Footprint: Designator=P3 Old Footprint=DOMINO 2- 5mm New Footprint=DOMINO 2- 5mm
Change Physical Footprint: Designator=P4 Old Footprint=DOMINO 2- 5mm New Footprint=DOMINO 2- 5mm
Change Physical Footprint: Designator=R1 Old Footprint=RES-SM-0805 New Footprint=RES-SM-0805
Change Physical Footprint: Designator=R2 Old Footprint=RES-SM-0805 New Footprint=RES-SM-0805
Change Physical Footprint: Designator=R3 Old Footprint=RES-SM-0805 New Footprint=RES-SM-0805
Change Physical Footprint: Designator=R4 Old Footprint=RES-SM-0805 New Footprint=RES-SM-0805
Change Physical Footprint: Designator=R5 Old Footprint=RES-SM-0805 New Footprint=RES-SM-0805
Change Physical Footprint: Designator=R6 Old Footprint=RES-SM-0805 New Footprint=RES-SM-0805
Change Physical Footprint: Designator=R7 Old Footprint=RES-SM-0805 New Footprint=RES-SM-0805
Change Physical Footprint: Designator=R8 Old Footprint=RES-SM-0805 New Footprint=RES-SM-0805
Change Physical Footprint: Designator=R9 Old Footprint=RES-SM-0805 New Footprint=RES-SM-0805
Change Physical Footprint: Designator=R10 Old Footprint=RES-SM-0805 New Footprint=RES-SM-0805
Change Physical Footprint: Designator=R11 Old Footprint=RES-SM-0805 New Footprint=RES-SM-0805
Change Physical Footprint: Designator=R12 Old Footprint=RES-SM-0805 New Footprint=RES-SM-0805
Change Physical Footprint: Designator=R13 Old Footprint=RES-SM-0805 New Footprint=RES-SM-0805
Change Physical Footprint: Designator=R14 Old Footprint=RES-SM-0805 New Footprint=RES-SM-0805
Change Physical Footprint: Designator=R15 Old Footprint=RES-SM-0805 New Footprint=RES-SM-0805
Change Physical Footprint: Designator=SW1 Old Footprint=WS-TASV_L6W3.5H5_4341x30508x6 New Footprint=WS-TASV_L6W3.5H5_4341x30508x6
Change Physical Footprint: Designator=TP1 Old Footprint=TP New Footprint=TP
Change Physical Footprint: Designator=TP2 Old Footprint=TP New Footprint=TP
Change Physical Footprint: Designator=TP3 Old Footprint=TP New Footprint=TP
Change Physical Footprint: Designator=U1 Old Footprint=TSQFP50P900X900X160-48N New Footprint=TSQFP50P900X900X160-48N
Change Physical Footprint: Designator=U2 Old Footprint=SOT230P700X180-4N New Footprint=SOT230P700X180-4N
Change Physical Footprint: Designator=U3 Old Footprint=SOT230P700X180-4N New Footprint=SOT230P700X180-4N
Change Physical Footprint: Designator=U4 Old Footprint=SOIC127P600X175-8N New Footprint=SOIC127P600X175-8N
Change Physical Footprint: Designator=U5 Old Footprint=ZMPT101B New Footprint=ZMPT101B
Change Physical Footprint: Designator=U6 Old Footprint=DIP794W45P254L1060H508Q8 New Footprint=DIP794W45P254L1060H508Q8
Change Physical Footprint: Designator=VR1 Old Footprint=VARISTOR 2 New Footprint=VARISTOR 2
Change Physical Footprint: Designator=VR2 Old Footprint=VARISTOR 2 New Footprint=VARISTOR 2
Change Physical Footprint: Designator=X1 Old Footprint=XTAL 3225 New Footprint=XTAL 3225
