Removed Pin From Net: NetName=NetR9_2 Pin=U6-2
Removed Pin From Net: NetName=NetC23_1 Pin=U6-3
Removed Pin From Net: NetName=NetC25_2 Pin=U6-5
Removed Pin From Net: NetName=NetR13_2 Pin=U6-6
Removed Pin From Net: NetName=+3.3 Pin=U7-1
Removed Pin From Net: NetName=OSC_IN Pin=U7-5
Removed Pin From Net: NetName=OSC_OUT Pin=U7-6
Removed Pin From Net: NetName=NRST Pin=U7-7
Removed Pin From Net: NetName=GND Pin=U7-8
Removed Pin From Net: NetName=+3.3 Pin=U7-9
Removed Pin From Net: NetName=ADC_CURRENT Pin=U7-16
Removed Pin From Net: NetName=ADC_VOLTAGE Pin=U7-17
Removed Pin From Net: NetName=GND Pin=U7-23
Removed Pin From Net: NetName=+3.3 Pin=U7-24
Removed Pin From Net: NetName=SWDIO Pin=U7-34
Removed Pin From Net: NetName=GND Pin=U7-35
Removed Pin From Net: NetName=+3.3 Pin=U7-36
Removed Pin From Net: NetName=SWCLK Pin=U7-37
Removed Pin From Net: NetName=LCD_D7 Pin=U7-39
Removed Pin From Net: NetName=LCD_D6 Pin=U7-40
Removed Pin From Net: NetName=LCD_D5 Pin=U7-41
Removed Pin From Net: NetName=LCD_D4 Pin=U7-42
Removed Pin From Net: NetName=LCD_EN Pin=U7-43
Removed Pin From Net: NetName=NetR2_1 Pin=U7-44
Removed Pin From Net: NetName=LCD_RW Pin=U7-45
Removed Pin From Net: NetName=LCD_RS Pin=U7-46
Removed Pin From Net: NetName=GND Pin=U7-47
Removed Pin From Net: NetName=+3.3 Pin=U7-48
Removed Pin From Net: NetName=NetC24_2 Pin=VR1-1
Removed Pin From Net: NetName=NetC23_2 Pin=VR1-2
Added Pin To Net: NetName=NetC23_1 Pin=U6-2
Added Pin To Net: NetName=NetR9_2 Pin=U6-3
Added Pin To Net: NetName=NetR13_2 Pin=U6-5
Added Pin To Net: NetName=NetC25_2 Pin=U6-6
Added Pin To Net: NetName=NetC23_2 Pin=VR1-1
Added Pin To Net: NetName=NetC24_2 Pin=VR1-2
