Added Component: Designator=C13(CAP-SM-0805)
Add component (AddParameter): Name = "Value"; Value = "4.7uF/50V/0805"; VariantName = "[No Variations]"
Added Component: Designator=C14(CAP-SM-0805)
Add component (AddParameter): Name = "Value"; Value = "100nF/50V/0805"; VariantName = "[No Variations]"
Added Component: Designator=C15(CAP-SM-0805)
Add component (AddParameter): Name = "Value"; Value = "100nF/50V/0805"; VariantName = "[No Variations]"
Added Component: Designator=C16(CAP-SM-0805)
Add component (AddParameter): Name = "Value"; Value = "4.7uF/50V/0805"; VariantName = "[No Variations]"
Added Component: Designator=C17(CAP-SM-0805)
Add component (AddParameter): Name = "Value"; Value = "4.7uF/50V/0805"; VariantName = "[No Variations]"
Added Component: Designator=C18(CAP-SM-0805)
Add component (AddParameter): Name = "Value"; Value = "100nF/50V/0805"; VariantName = "[No Variations]"
Added Component: Designator=C19(CAP-SM-0805)
Add component (AddParameter): Name = "Value"; Value = "100nF/50V/0805"; VariantName = "[No Variations]"
Added Component: Designator=C20(CAP-SM-0805)
Add component (AddParameter): Name = "Value"; Value = "4.7uF/50V/0805"; VariantName = "[No Variations]"
Added Component: Designator=C21(CAP-SM-0805)
Add component (AddParameter): Name = "Value"; Value = "100nF/50V/0805"; VariantName = "[No Variations]"
Added Component: Designator=C22(CAP-SM-0805)
Add component (AddParameter): Name = "Value"; Value = "100nF/50V/0805"; VariantName = "[No Variations]"
Added Component: Designator=C23(CAP-SM-0805)
Add component (AddParameter): Name = "Value"; Value = "1nF/50V/0805"; VariantName = "[No Variations]"
Added Component: Designator=C24(CAP-SM-0805)
Add component (AddParameter): Name = "Value"; Value = "100nF/50V/0805"; VariantName = "[No Variations]"
Added Component: Designator=C25(CAP-SM-0805)
Add component (AddParameter): Name = "Value"; Value = "100nF/50V/0805"; VariantName = "[No Variations]"
Added Component: Designator=C26(CAP-SM-0805)
Add component (AddParameter): Name = "Value"; Value = "4.7uF/50V/0805"; VariantName = "[No Variations]"
Added Component: Designator=C27(CAP-SM-0805)
Add component (AddParameter): Name = "Value"; Value = "4.7uF/50V/0805"; VariantName = "[No Variations]"
Added Component: Designator=C28(CAP-SM-0805)
Add component (AddParameter): Name = "Value"; Value = "100nF/50V/0805"; VariantName = "[No Variations]"
Added Component: Designator=D1(SS34)
Add component (AddParameter): Name = "Code_JEDEC"; Value = "DO-214-AA"; VariantName = "[No Variations]"
Add component (AddParameter): Name = "LatestRevisionDate"; Value = "17-Jul-2002"; VariantName = "[No Variations]"
Add component (AddParameter): Name = "LatestRevisionNote"; Value = "Re-released for DXP Platform."; VariantName = "[No Variations]"
Add component (AddParameter): Name = "PackageDescription"; Value = "DO-214-AA/SMB; 2 C-Bend Leads; Body 5.3 x 3.6 mm, inc. leads (LxW)"; VariantName = "[No Variations]"
Add component (AddParameter): Name = "PackageReference"; Value = "SMB"; VariantName = "[No Variations]"
Add component (AddParameter): Name = "Published"; Value = "8-Jun-2000"; VariantName = "[No Variations]"
Add component (AddParameter): Name = "Publisher"; Value = "Altium Limited"; VariantName = "[No Variations]"
Add component (AddParameter): Name = "Supplier 1"; Value = "Arrow Electronics"; VariantName = "[No Variations]"
Add component (AddParameter): Name = "Supplier 2"; Value = "RSComponents"; VariantName = "[No Variations]"
Add component (AddParameter): Name = "Supplier Part Number 1"; Value = "SS34"; VariantName = "[No Variations]"
Add component (AddParameter): Name = "Supplier Part Number 2"; Value = "8080433"; VariantName = "[No Variations]"
Added Component: Designator=D2(LED_0805_Blue)
Added Component: Designator=D3(LED_0805_Blue)
Added Component: Designator=F1(FUSE SMD)
Added Component: Designator=J1(61301611821)
Add component (AddParameter): Name = "ComponentLink1Description"; Value = "Manufacturer"; VariantName = "[No Variations]"
Add component (AddParameter): Name = "ComponentLink1URL"; Value = "http://www.we-online.de"; VariantName = "[No Variations]"
Add component (AddParameter): Name = "ComponentLink2Description"; Value = "Datasheet"; VariantName = "[No Variations]"
Add component (AddParameter): Name = "ComponentLink2URL"; Value = "https://www.we-online.com/catalog/datasheet/61301611821.pdf"; VariantName = "[No Variations]"
Add component (AddParameter): Name = "Contact Resistance"; Value = "20mOhm"; VariantName = "[No Variations]"
Add component (AddParameter): Name = "Gender"; Value = "Socket Header"; VariantName = "[No Variations]"
Add component (AddParameter): Name = "Manufacturer"; Value = "Wurth Elektronik"; VariantName = "[No Variations]"
Add component (AddParameter): Name = "Manufacturer Part Number"; Value = "61301611821"; VariantName = "[No Variations]"
Add component (AddParameter): Name = "Mounting Technology"; Value = "THT"; VariantName = "[No Variations]"
Add component (AddParameter): Name = "Operating Temperature"; Value = "-40 to +125degC"; VariantName = "[No Variations]"
Add component (AddParameter): Name = "Orientation"; Value = "Vertical"; VariantName = "[No Variations]"
Add component (AddParameter): Name = "Packaging"; Value = "Tray"; VariantName = "[No Variations]"
Add component (AddParameter): Name = "Pin Number"; Value = "16"; VariantName = "[No Variations]"
Add component (AddParameter): Name = "Pitch"; Value = "2.54mm"; VariantName = "[No Variations]"
Add component (AddParameter): Name = "Published Date"; Value = "May 2020"; VariantName = "[No Variations]"
Add component (AddParameter): Name = "Rated Current"; Value = "3A"; VariantName = "[No Variations]"
Add component (AddParameter): Name = "Row Number"; Value = "Single"; VariantName = "[No Variations]"
Add component (AddParameter): Name = "Withstanding Voltage"; Value = "500VAC"; VariantName = "[No Variations]"
Add component (AddParameter): Name = "Working Voltage"; Value = "250VAC"; VariantName = "[No Variations]"
Added Component: Designator=JDC1(DC-IN)
Add component (AddParameter): Name = "Value"; Value = "Jac DC"; VariantName = "[No Variations]"
Added Component: Designator=P2(DOMINO 2- 5mm)
Add component (AddParameter): Name = "LatestRevisionDate"; Value = "17-Jul-2002"; VariantName = "[No Variations]"
Add component (AddParameter): Name = "LatestRevisionNote"; Value = "Re-released for DXP Platform."; VariantName = "[No Variations]"
Add component (AddParameter): Name = "Publisher"; Value = "Altium Limited"; VariantName = "[No Variations]"
Added Component: Designator=P3(DOMINO 2- 5mm)
Add component (AddParameter): Name = "LatestRevisionDate"; Value = "17-Jul-2002"; VariantName = "[No Variations]"
Add component (AddParameter): Name = "LatestRevisionNote"; Value = "Re-released for DXP Platform."; VariantName = "[No Variations]"
Add component (AddParameter): Name = "Publisher"; Value = "Altium Limited"; VariantName = "[No Variations]"
Added Component: Designator=R2(RES-SM-0805)
Add component (AddParameter): Name = "Value"; Value = "1k/1%/0805"; VariantName = "[No Variations]"
Added Component: Designator=R3(RES-SM-0805)
Add component (AddParameter): Name = "Value"; Value = "470/1%/0805"; VariantName = "[No Variations]"
Added Component: Designator=R4(RES-SM-0805)
Add component (AddParameter): Name = "Value"; Value = "10K/1%/0805"; VariantName = "[No Variations]"
Added Component: Designator=R5(RES-SM-0805)
Add component (AddParameter): Name = "Value"; Value = "160K/5%/0805"; VariantName = "[No Variations]"
Added Component: Designator=R6(RES-SM-0805)
Add component (AddParameter): Name = "Value"; Value = "560/1%/0805"; VariantName = "[No Variations]"
Added Component: Designator=R7(RES-SM-0805)
Add component (AddParameter): Name = "Value"; Value = "10K/1%/0805"; VariantName = "[No Variations]"
Added Component: Designator=R8(RES-SM-0805)
Add component (AddParameter): Name = "Value"; Value = "10K/1%/0805"; VariantName = "[No Variations]"
Added Component: Designator=R9(RES-SM-0805)
Add component (AddParameter): Name = "Value"; Value = "10K/1%/0805"; VariantName = "[No Variations]"
Added Component: Designator=U2(SOT230P700X180-4N)
Added Component: Designator=U3(SOT230P700X180-4N)
Added Component: Designator=U4(ZMPT101B)
Added Component: Designator=U5(SOIC127P600X175-8N)
Add component (AddParameter): Name = "Availability"; Value = "In Stock"; VariantName = "[No Variations]"
Add component (AddParameter): Name = "Check_prices"; Value = "https://www.snapeda.com/parts/ACS712-20/Analog+Devices/view-part/?ref=eda"; VariantName = "[No Variations]"
Add component (AddParameter): Name = "MF"; Value = "Analog Devices"; VariantName = "[No Variations]"
Add component (AddParameter): Name = "MP"; Value = "ACS712-20"; VariantName = "[No Variations]"
Add component (AddParameter): Name = "Package"; Value = "None"; VariantName = "[No Variations]"
Add component (AddParameter): Name = "Price"; Value = "None"; VariantName = "[No Variations]"
Add component (AddParameter): Name = "SnapEDA_Link"; Value = "https://www.snapeda.com/parts/ACS712-20/Analog+Devices/view-part/?ref=snap"; VariantName = "[No Variations]"
Add component (AddParameter): Name = "Value"; Value = ""; VariantName = "[No Variations]"
Added Component: Designator=U6(SOIC-8)
Added Component: Designator=VR1(VARISTOR 2)
Add component (AddParameter): Name = "Value"; Value = "VR 10K"; VariantName = "[No Variations]"
Added Pin To Net: NetName=+5 Pin=C13-1
Added Pin To Net: NetName=GND Pin=C13-2
Added Pin To Net: NetName=+5 Pin=C14-1
Added Pin To Net: NetName=GND Pin=C14-2
Added Pin To Net: NetName=+3.3 Pin=C15-1
Added Pin To Net: NetName=GND Pin=C15-2
Added Pin To Net: NetName=+3.3 Pin=C16-1
Added Pin To Net: NetName=GND Pin=C16-2
Added Pin To Net: NetName=VCC_9-12 Pin=C17-1
Added Pin To Net: NetName=GND Pin=C17-2
Added Pin To Net: NetName=VCC_9-12 Pin=C18-1
Added Pin To Net: NetName=GND Pin=C18-2
Added Pin To Net: NetName=+3.3 Pin=C19-1
Added Pin To Net: NetName=GND Pin=C19-2
Added Pin To Net: NetName=+3.3 Pin=C20-1
Added Pin To Net: NetName=GND Pin=C20-2
Added Pin To Net: NetName=+5 Pin=C21-1
Added Pin To Net: NetName=GND Pin=C21-2
Added Pin To Net: NetName=GND Pin=C22-1
Added Pin To Net: NetName=VOLTAGE_SIGNAL Pin=C22-2
Added Pin To Net: NetName=GND Pin=C23-1
Added Pin To Net: NetName=NetC23_2 Pin=C23-2
Added Pin To Net: NetName=GND Pin=C24-1
Added Pin To Net: NetName=CURRENT_SIGNAL Pin=C24-2
Added Pin To Net: NetName=+5 Pin=C25-1
Added Pin To Net: NetName=GND Pin=C25-2
Added Pin To Net: NetName=+5 Pin=C26-1
Added Pin To Net: NetName=GND Pin=C26-2
Added Pin To Net: NetName=+5 Pin=C27-1
Added Pin To Net: NetName=GND Pin=C27-2
Added Pin To Net: NetName=+5 Pin=C28-1
Added Pin To Net: NetName=GND Pin=C28-2
Added Pin To Net: NetName=GND Pin=D1-A
Added Pin To Net: NetName=VCC_9-12 Pin=D1-K
Added Pin To Net: NetName=+5 Pin=D2-1
Added Pin To Net: NetName=NetD2_2 Pin=D2-2
Added Pin To Net: NetName=+3.3 Pin=D3-1
Added Pin To Net: NetName=NetD3_2 Pin=D3-2
Added Pin To Net: NetName=NetF1_1 Pin=F1-1
Added Pin To Net: NetName=VCC_9-12 Pin=F1-2
Added Pin To Net: NetName=GND Pin=J1-1
Added Pin To Net: NetName=+5 Pin=J1-2
Added Pin To Net: NetName=CONTRAST Pin=J1-3
Added Pin To Net: NetName=LCD_RS Pin=J1-4
Added Pin To Net: NetName=LCD_RW Pin=J1-5
Added Pin To Net: NetName=LCD_EN Pin=J1-6
Added Pin To Net: NetName=LCD_D4 Pin=J1-11
Added Pin To Net: NetName=LCD_D5 Pin=J1-12
Added Pin To Net: NetName=LCD_D6 Pin=J1-13
Added Pin To Net: NetName=LCD_D7 Pin=J1-14
Added Pin To Net: NetName=+5 Pin=J1-15
Added Pin To Net: NetName=GND Pin=J1-16
Added Pin To Net: NetName=NetF1_1 Pin=JDC1-1
Added Pin To Net: NetName=GND Pin=JDC1-2
Added Pin To Net: NetName=NetP2_1 Pin=P2-1
Added Pin To Net: NetName=NetP2_2 Pin=P2-2
Added Pin To Net: NetName=NetP3_1 Pin=P3-1
Added Pin To Net: NetName=NetP3_2 Pin=P3-2
Added Pin To Net: NetName=GND Pin=R2-1
Added Pin To Net: NetName=NetD2_2 Pin=R2-2
Added Pin To Net: NetName=GND Pin=R3-1
Added Pin To Net: NetName=NetD3_2 Pin=R3-2
Added Pin To Net: NetName=VOLTAGE_SIGNAL Pin=R4-1
Added Pin To Net: NetName=NetR4_2 Pin=R4-2
Added Pin To Net: NetName=NetR5_1 Pin=R5-1
Added Pin To Net: NetName=NetP2_2 Pin=R5-2
Added Pin To Net: NetName=NetR4_2 Pin=R6-1
Added Pin To Net: NetName=NetR6_2 Pin=R6-2
Added Pin To Net: NetName=NetR6_2 Pin=R7-1
Added Pin To Net: NetName=+3.3 Pin=R7-2
Added Pin To Net: NetName=CURRENT_SIGNAL Pin=R8-1
Added Pin To Net: NetName=NetR8_2 Pin=R8-2
Added Pin To Net: NetName=GND Pin=R9-1
Added Pin To Net: NetName=NetR6_2 Pin=R9-2
Added Pin To Net: NetName=GND Pin=U2-1
Added Pin To Net: NetName=+3.3 Pin=U2-2
Added Pin To Net: NetName=+5 Pin=U2-3
Added Pin To Net: NetName=+3.3 Pin=U2-4
Added Pin To Net: NetName=GND Pin=U3-1
Added Pin To Net: NetName=+3.3 Pin=U3-2
Added Pin To Net: NetName=VCC_9-12 Pin=U3-3
Added Pin To Net: NetName=+3.3 Pin=U3-4
Added Pin To Net: NetName=NetR5_1 Pin=U4-1
Added Pin To Net: NetName=NetP2_1 Pin=U4-2
Added Pin To Net: NetName=NetR4_2 Pin=U4-3
Added Pin To Net: NetName=NetR6_2 Pin=U4-4
Added Pin To Net: NetName=NetP3_2 Pin=U5-1
Added Pin To Net: NetName=NetP3_2 Pin=U5-2
Added Pin To Net: NetName=NetP3_1 Pin=U5-3
Added Pin To Net: NetName=NetP3_1 Pin=U5-4
Added Pin To Net: NetName=GND Pin=U5-5
Added Pin To Net: NetName=NetC23_2 Pin=U5-6
Added Pin To Net: NetName=NetR8_2 Pin=U5-7
Added Pin To Net: NetName=+5 Pin=U5-8
Added Pin To Net: NetName=ADC_CURRENT Pin=U6-1
Added Pin To Net: NetName=ADC_CURRENT Pin=U6-2
Added Pin To Net: NetName=CURRENT_SIGNAL Pin=U6-3
Added Pin To Net: NetName=GND Pin=U6-4
Added Pin To Net: NetName=VOLTAGE_SIGNAL Pin=U6-5
Added Pin To Net: NetName=ADC_VOLTAGE Pin=U6-6
Added Pin To Net: NetName=ADC_VOLTAGE Pin=U6-7
Added Pin To Net: NetName=+5 Pin=U6-8
Added Pin To Net: NetName=+5 Pin=VR1-1
Added Pin To Net: NetName=CONTRAST Pin=VR1-2
Added Pin To Net: NetName=GND Pin=VR1-3
Added Member To Class: ClassName=Power_Supply Member=Component C13 Cap Non-Pol SMD
Added Member To Class: ClassName=Power_Supply Member=Component C14 Cap Non-Pol SMD
Added Member To Class: ClassName=Power_Supply Member=Component C15 Cap Non-Pol SMD
Added Member To Class: ClassName=Power_Supply Member=Component C16 Cap Non-Pol SMD
Added Member To Class: ClassName=Power_Supply Member=Component C17 Cap Non-Pol SMD
Added Member To Class: ClassName=Power_Supply Member=Component C18 Cap Non-Pol SMD
Added Member To Class: ClassName=Power_Supply Member=Component C19 Cap Non-Pol SMD
Added Member To Class: ClassName=Power_Supply Member=Component C20 Cap Non-Pol SMD
Added Member To Class: ClassName=Measure Member=Component C21 Cap Non-Pol SMD
Added Member To Class: ClassName=Measure Member=Component C22 Cap Non-Pol SMD
Added Member To Class: ClassName=Measure Member=Component C23 Cap Non-Pol SMD
Added Member To Class: ClassName=Measure Member=Component C24 Cap Non-Pol SMD
Added Member To Class: ClassName=Measure Member=Component C25 Cap Non-Pol SMD
Added Member To Class: ClassName=Measure Member=Component C26 Cap Non-Pol SMD
Added Member To Class: ClassName=Display Member=Component C27 Cap Non-Pol SMD
Added Member To Class: ClassName=Display Member=Component C28 Cap Non-Pol SMD
Added Member To Class: ClassName=Power_Supply Member=Component D1 D Schottky
Added Member To Class: ClassName=Power_Supply Member=Component D2 LED RED/0805
Added Member To Class: ClassName=Power_Supply Member=Component D3 LED_GREEN/0805
Added Member To Class: ClassName=Power_Supply Member=Component F1 Fuse
Added Member To Class: ClassName=Display Member=Component J1 61301611821
Added Member To Class: ClassName=Power_Supply Member=Component JDC1 Jack DC
Added Member To Class: ClassName=Measure Member=Component P2 Domino 2
Added Member To Class: ClassName=Measure Member=Component P3 Domino 2
Added Member To Class: ClassName=Power_Supply Member=Component R2 RESISTOR SMD
Added Member To Class: ClassName=Power_Supply Member=Component R3 RESISTOR SMD
Added Member To Class: ClassName=Measure Member=Component R4 RESISTOR SMD
Added Member To Class: ClassName=Measure Member=Component R5 RESISTOR SMD
Added Member To Class: ClassName=Measure Member=Component R6 RESISTOR SMD
Added Member To Class: ClassName=Measure Member=Component R7 RESISTOR SMD
Added Member To Class: ClassName=Measure Member=Component R8 RESISTOR SMD
Added Member To Class: ClassName=Measure Member=Component R9 RESISTOR SMD
Added Member To Class: ClassName=Power_Supply Member=Component U2 AMS1117-3.3V
Added Member To Class: ClassName=Power_Supply Member=Component U3 AMS1117-5V
Added Member To Class: ClassName=Measure Member=Component U4 ZMPT101B
Added Member To Class: ClassName=Measure Member=Component U5 ACS712-20
Added Member To Class: ClassName=Measure Member=Component U6 LM358
Added Member To Class: ClassName=Display Member=Component VR1 10K
Added Room: Name=Display
Added Room: Name=Measure
Added Room: Name=Power_Supply
